{"C:\\Users\\ninaw\\OneDrive - ViaUC\\Dokumenter\\GitHub\\JavaScript-Exercises\\session9\\js\\capitalizingString.js": {"path":"C:\\Users\\ninaw\\OneDrive - ViaUC\\Dokumenter\\GitHub\\JavaScript-Exercises\\session9\\js\\capitalizingString.js","statementMap":{"0":{"start":{"line":2,"column":4},"end":{"line":2,"column":58}},"1":{"start":{"line":2,"column":32},"end":{"line":2,"column":47}}},"fnMap":{"0":{"name":"capitalize","decl":{"start":{"line":1,"column":16},"end":{"line":1,"column":26}},"loc":{"start":{"line":1,"column":34},"end":{"line":3,"column":1}},"line":1},"1":{"name":"(anonymous_1)","decl":{"start":{"line":2,"column":27},"end":{"line":2,"column":28}},"loc":{"start":{"line":2,"column":32},"end":{"line":2,"column":47}},"line":2}},"branchMap":{},"s":{"0":1,"1":5},"f":{"0":1,"1":5},"b":{},"_coverageSchema":"1a1c01bbd47fc00a2c39e90264f33305004495a9","hash":"eef0e4050e9801581bef23d4ba1cf34520e62869"}
,"C:\\Users\\ninaw\\OneDrive - ViaUC\\Dokumenter\\GitHub\\JavaScript-Exercises\\session9\\js\\reverseString.js": {"path":"C:\\Users\\ninaw\\OneDrive - ViaUC\\Dokumenter\\GitHub\\JavaScript-Exercises\\session9\\js\\reverseString.js","statementMap":{"0":{"start":{"line":2,"column":4},"end":{"line":2,"column":42}}},"fnMap":{"0":{"name":"reverse","decl":{"start":{"line":1,"column":16},"end":{"line":1,"column":23}},"loc":{"start":{"line":1,"column":31},"end":{"line":3,"column":1}},"line":1}},"branchMap":{},"s":{"0":1},"f":{"0":1},"b":{},"_coverageSchema":"1a1c01bbd47fc00a2c39e90264f33305004495a9","hash":"ced81ec8a6984f4fca15ff433921301c8f779252"}
}
